Jan-12 08:57:58.688 [main] DEBUG nextflow.cli.Launcher - $> nextflow main.nf
Jan-12 08:57:58.723 [main] INFO  nextflow.cli.CmdRun - N E X T F L O W  ~  version 22.10.1
Jan-12 08:57:58.733 [main] DEBUG nextflow.plugin.PluginsFacade - Setting up plugin manager > mode=prod; embedded=false; plugins-dir=/home/sergiolitwiniuk/.nextflow/plugins; core-plugins: nf-amazon@1.11.0,nf-azure@0.14.2,nf-codecommit@0.1.2,nf-console@1.0.4,nf-ga4gh@1.0.4,nf-google@1.4.4,nf-tower@1.5.5,nf-wave@0.5.2
Jan-12 08:57:58.739 [main] INFO  org.pf4j.DefaultPluginStatusProvider - Enabled plugins: []
Jan-12 08:57:58.740 [main] INFO  org.pf4j.DefaultPluginStatusProvider - Disabled plugins: []
Jan-12 08:57:58.741 [main] INFO  org.pf4j.DefaultPluginManager - PF4J version 3.4.1 in 'deployment' mode
Jan-12 08:57:58.746 [main] INFO  org.pf4j.AbstractPluginManager - No plugins
Jan-12 08:57:58.758 [main] DEBUG nextflow.config.ConfigBuilder - Found config local: /home/sergiolitwiniuk/Documents/nextFlowFiles/nf0/nf-0/nextflow.config
Jan-12 08:57:58.758 [main] DEBUG nextflow.config.ConfigBuilder - Parsing config file: /home/sergiolitwiniuk/Documents/nextFlowFiles/nf0/nf-0/nextflow.config
Jan-12 08:57:58.772 [main] DEBUG nextflow.config.ConfigBuilder - Applying config profile: `standard`
Jan-12 08:57:59.020 [main] DEBUG nextflow.cli.CmdRun - Applied DSL=2 by global default
Jan-12 08:57:59.028 [main] INFO  nextflow.cli.CmdRun - Launching `main.nf` [pensive_mayer] DSL2 - revision: 96e34b572f
Jan-12 08:57:59.028 [main] DEBUG nextflow.plugin.PluginsFacade - Plugins default=[]
Jan-12 08:57:59.028 [main] DEBUG nextflow.plugin.PluginsFacade - Plugins resolved requirement=[]
Jan-12 08:57:59.034 [main] DEBUG nextflow.secret.LocalSecretsProvider - Secrets store: /home/sergiolitwiniuk/.nextflow/secrets/store.json
Jan-12 08:57:59.035 [main] DEBUG nextflow.secret.SecretsLoader - Discovered secrets providers: [nextflow.secret.LocalSecretsProvider@1e58512c] - activable => nextflow.secret.LocalSecretsProvider@1e58512c
Jan-12 08:57:59.064 [main] DEBUG nextflow.Session - Session UUID: 216969d6-598e-45ce-87b0-94467e3e7641
Jan-12 08:57:59.064 [main] DEBUG nextflow.Session - Run name: pensive_mayer
Jan-12 08:57:59.065 [main] DEBUG nextflow.Session - Executor pool size: 8
Jan-12 08:57:59.070 [main] DEBUG nextflow.util.ThreadPoolBuilder - Creating thread pool 'FileTransfer' minSize=10; maxSize=24; workQueue=LinkedBlockingQueue[10000]; allowCoreThreadTimeout=false
Jan-12 08:57:59.082 [main] DEBUG nextflow.cli.CmdRun - 
  Version: 22.10.1 build 5828
  Created: 27-10-2022 16:58 UTC (13:58 ARST)
  System: Linux 5.15.0-57-generic
  Runtime: Groovy 3.0.13 on OpenJDK 64-Bit Server VM 18.0.2-ea+9-Ubuntu-222.04
  Encoding: UTF-8 (UTF-8)
  Process: 21228@sergiolitwiniuk-VivoBook-ASUSLaptop-X515EAU-R565EA [127.0.1.1]
  CPUs: 8 - Mem: 7.5 GB (136.5 MB) - Swap: 2 GB (1.5 GB)
Jan-12 08:57:59.093 [main] DEBUG nextflow.Session - Work-dir: /home/sergiolitwiniuk/Documents/nextFlowFiles/nf0/nf-0/work [ext2/ext3]
Jan-12 08:57:59.093 [main] DEBUG nextflow.Session - Script base path does not exist or is not a directory: /home/sergiolitwiniuk/Documents/nextFlowFiles/nf0/nf-0/bin
Jan-12 08:57:59.113 [main] DEBUG nextflow.executor.ExecutorFactory - Extension executors providers=[]
Jan-12 08:57:59.119 [main] DEBUG nextflow.Session - Observer factory: DefaultObserverFactory
Jan-12 08:57:59.132 [main] DEBUG nextflow.cache.CacheFactory - Using Nextflow cache factory: nextflow.cache.DefaultCacheFactory
Jan-12 08:57:59.138 [main] DEBUG nextflow.util.CustomThreadPool - Creating default thread pool > poolSize: 9; maxThreads: 1000
Jan-12 08:57:59.172 [main] DEBUG nextflow.Session - Session start
Jan-12 08:57:59.217 [main] DEBUG nextflow.script.ScriptRunner - > Launching execution
Jan-12 08:57:59.224 [main] INFO  nextflow.script.BaseScript - Querying file queryFile
Jan-12 08:57:59.225 [main] DEBUG nextflow.Session - Workflow process names [dsl2]: 
Jan-12 08:57:59.225 [main] DEBUG nextflow.Session - Igniting dataflow network (0)
Jan-12 08:57:59.225 [main] DEBUG nextflow.script.ScriptRunner - > Awaiting termination 
Jan-12 08:57:59.225 [main] DEBUG nextflow.Session - Session await
Jan-12 08:57:59.226 [main] DEBUG nextflow.Session - Session await > all processes finished
Jan-12 08:57:59.226 [main] DEBUG nextflow.Session - Session await > all barriers passed
Jan-12 08:57:59.230 [main] DEBUG nextflow.trace.WorkflowStatsObserver - Workflow completed > WorkflowStats[succeededCount=0; failedCount=0; ignoredCount=0; cachedCount=0; pendingCount=0; submittedCount=0; runningCount=0; retriesCount=0; abortedCount=0; succeedDuration=0ms; failedDuration=0ms; cachedDuration=0ms;loadCpus=0; loadMemory=0; peakRunning=0; peakCpus=0; peakMemory=0; ]
Jan-12 08:57:59.385 [main] DEBUG nextflow.cache.CacheDB - Closing CacheDB done
Jan-12 08:57:59.393 [main] DEBUG nextflow.util.ThreadPoolManager - Thread pool 'FileTransfer' shutdown completed (hard=false)
Jan-12 08:57:59.393 [main] DEBUG nextflow.script.ScriptRunner - > Execution complete -- Goodbye
